<?xml version="1.0" encoding="UTF-8"?>
<testsuite xmlns:xsi="http://www.w3.org/2001/XMLSchema-instance" xsi:noNamespaceSchemaLocation="https://maven.apache.org/surefire/maven-surefire-plugin/xsd/surefire-test-report-3.0.xsd" version="3.0" name="com.tlh.testjunit5.AppTest" time="0.079" tests="2" errors="0" skipped="0" failures="0">
  <properties>
[...]
</properties>
  <testcase name="testNtLe" classname="com.tlh.testjunit5.AppTest" time="0.032">
    <system-out><![CDATA[BEFORE ALL
BEFORE EACH
AFTER EACH
]]></system-out>
  </testcase>
  <testcase name="testNtChan" classname="com.tlh.testjunit5.AppTest" time="0.004">
    <system-out><![CDATA[BEFORE EACH
AFTER EACH
]]></system-out>
  </testcase>
</testsuite>